<?xml version="1.0" encoding="UTF-8"?>
<!-- Generated by org.testng.reporters.JUnitXMLReporter -->
<testsuite hostname="DESKTOP-EMFQ6BP" ignored="0" name="Default test" tests="3" failures="0" timestamp="2022-09-03T12:23:36 CDT" time="6.818" errors="0">
  <testcase name="validateUserAddsNewCategory" time="0.676" classname="test.TestNgProjectTest"/>
  <testcase name="validateAllMonthsNamesExistsInDueDropDown" time="0.25" classname="test.TestNgProjectTest"/>
  <testcase name="validateUserNotAbleToAddDuplicateCategory" time="0.34" classname="test.TestNgProjectTest"/>
</testsuite> <!-- Default test -->
