<?xml version="1.0" encoding="UTF-8"?>
<testng-results skipped="0" failed="0" ignored="0" total="3" passed="3">
  <reporter-output>
  </reporter-output>
  <suite name="Default suite" duration-ms="6818" started-at="2022-09-03T12:23:29 CDT" finished-at="2022-09-03T12:23:36 CDT">
    <groups>
    </groups>
    <test name="Default test" duration-ms="6818" started-at="2022-09-03T12:23:29 CDT" finished-at="2022-09-03T12:23:36 CDT">
      <class name="test.TestNgProjectTest">
        <test-method status="PASS" signature="openUrl()[pri:0, instance:test.TestNgProjectTest@3dfc5fb8]" name="openUrl" is-config="true" duration-ms="4665" started-at="2022-09-03T12:23:29 CDT" finished-at="2022-09-03T12:23:34 CDT">
          <reporter-output>
          </reporter-output>
        </test-method> <!-- openUrl -->
        <test-method status="PASS" signature="validateUserAddsNewCategory()[pri:1, instance:test.TestNgProjectTest@3dfc5fb8]" name="validateUserAddsNewCategory" duration-ms="676" started-at="2022-09-03T12:23:34 CDT" finished-at="2022-09-03T12:23:34 CDT">
          <reporter-output>
          </reporter-output>
        </test-method> <!-- validateUserAddsNewCategory -->
        <test-method status="PASS" signature="validateAllMonthsNamesExistsInDueDropDown()[pri:2, instance:test.TestNgProjectTest@3dfc5fb8]" name="validateAllMonthsNamesExistsInDueDropDown" duration-ms="250" started-at="2022-09-03T12:23:34 CDT" finished-at="2022-09-03T12:23:35 CDT">
          <reporter-output>
          </reporter-output>
        </test-method> <!-- validateAllMonthsNamesExistsInDueDropDown -->
        <test-method status="PASS" signature="validateUserNotAbleToAddDuplicateCategory()[pri:3, instance:test.TestNgProjectTest@3dfc5fb8]" name="validateUserNotAbleToAddDuplicateCategory" duration-ms="340" started-at="2022-09-03T12:23:35 CDT" finished-at="2022-09-03T12:23:35 CDT">
          <reporter-output>
          </reporter-output>
        </test-method> <!-- validateUserNotAbleToAddDuplicateCategory -->
        <test-method status="PASS" signature="closeBrowser()[pri:0, instance:test.TestNgProjectTest@3dfc5fb8]" name="closeBrowser" is-config="true" duration-ms="814" started-at="2022-09-03T12:23:35 CDT" finished-at="2022-09-03T12:23:36 CDT">
          <reporter-output>
          </reporter-output>
        </test-method> <!-- closeBrowser -->
      </class> <!-- test.TestNgProjectTest -->
    </test> <!-- Default test -->
  </suite> <!-- Default suite -->
</testng-results>
